<?xml version="1.0" encoding="UTF-8"?>
<coverage generated="1581349009835" clover="3.2.0">
  <project timestamp="1581349009835" name="All files">
    <metrics statements="27" coveredstatements="27" conditionals="15" coveredconditionals="14" methods="8" coveredmethods="8" elements="50" coveredelements="49" complexity="0" loc="27" ncloc="27" packages="1" files="2" classes="2"/>
    <file name="bin-tree.js" path="/home/std4/401Course/data-structures-and-algorithms/lib/bin-tree.js">
      <metrics statements="23" coveredstatements="23" conditionals="13" coveredconditionals="12" methods="7" coveredmethods="7"/>
      <line num="5" count="1" type="stmt"/>
      <line num="13" count="2" type="stmt"/>
      <line num="15" count="2" type="stmt"/>
      <line num="16" count="8" type="stmt"/>
      <line num="17" count="8" type="cond" truecount="2" falsecount="0"/>
      <line num="18" count="8" type="cond" truecount="2" falsecount="0"/>
      <line num="20" count="2" type="stmt"/>
      <line num="21" count="2" type="stmt"/>
      <line num="28" count="2" type="stmt"/>
      <line num="30" count="2" type="stmt"/>
      <line num="31" count="8" type="cond" truecount="2" falsecount="0"/>
      <line num="32" count="8" type="stmt"/>
      <line num="33" count="8" type="cond" truecount="2" falsecount="0"/>
      <line num="35" count="2" type="stmt"/>
      <line num="36" count="2" type="stmt"/>
      <line num="43" count="2" type="stmt"/>
      <line num="45" count="2" type="stmt"/>
      <line num="46" count="8" type="cond" truecount="2" falsecount="0"/>
      <line num="47" count="8" type="cond" truecount="2" falsecount="0"/>
      <line num="48" count="8" type="stmt"/>
      <line num="50" count="2" type="stmt"/>
      <line num="51" count="2" type="stmt"/>
      <line num="57" count="1" type="stmt"/>
    </file>
    <file name="tree.js" path="/home/std4/401Course/data-structures-and-algorithms/lib/tree.js">
      <metrics statements="4" coveredstatements="4" conditionals="2" coveredconditionals="2" methods="1" coveredmethods="1"/>
      <line num="5" count="4" type="stmt"/>
      <line num="6" count="4" type="stmt"/>
      <line num="7" count="4" type="stmt"/>
      <line num="15" count="1" type="stmt"/>
    </file>
  </project>
</coverage>
