{"/home/std4/401Course/data-structures-and-algorithms/lib/linkedList.js": {"path":"/home/std4/401Course/data-structures-and-algorithms/lib/linkedList.js","statementMap":{"0":{"start":{"line":3,"column":13},"end":{"line":3,"column":33}},"1":{"start":{"line":7,"column":4},"end":{"line":7,"column":21}},"2":{"start":{"line":8,"column":4},"end":{"line":8,"column":18}},"3":{"start":{"line":17,"column":4},"end":{"line":17,"column":43}},"4":{"start":{"line":19,"column":4},"end":{"line":19,"column":16}},"5":{"start":{"line":24,"column":18},"end":{"line":24,"column":33}},"6":{"start":{"line":26,"column":4},"end":{"line":28,"column":5}},"7":{"start":{"line":27,"column":6},"end":{"line":27,"column":26}},"8":{"start":{"line":30,"column":22},"end":{"line":30,"column":31}},"9":{"start":{"line":31,"column":4},"end":{"line":37,"column":5}},"10":{"start":{"line":32,"column":6},"end":{"line":35,"column":7}},"11":{"start":{"line":33,"column":8},"end":{"line":33,"column":39}},"12":{"start":{"line":34,"column":8},"end":{"line":34,"column":20}},"13":{"start":{"line":36,"column":6},"end":{"line":36,"column":19}},"14":{"start":{"line":51,"column":4},"end":{"line":53,"column":5}},"15":{"start":{"line":52,"column":6},"end":{"line":52,"column":48}},"16":{"start":{"line":55,"column":18},"end":{"line":55,"column":36}},"17":{"start":{"line":57,"column":4},"end":{"line":57,"column":28}},"18":{"start":{"line":58,"column":4},"end":{"line":64,"column":5}},"19":{"start":{"line":60,"column":6},"end":{"line":60,"column":33}},"20":{"start":{"line":62,"column":6},"end":{"line":62,"column":37}},"21":{"start":{"line":65,"column":4},"end":{"line":65,"column":31}},"22":{"start":{"line":66,"column":4},"end":{"line":66,"column":32}},"23":{"start":{"line":68,"column":4},"end":{"line":68,"column":16}},"24":{"start":{"line":82,"column":4},"end":{"line":84,"column":5}},"25":{"start":{"line":83,"column":6},"end":{"line":83,"column":48}},"26":{"start":{"line":86,"column":18},"end":{"line":86,"column":36}},"27":{"start":{"line":88,"column":4},"end":{"line":88,"column":28}},"28":{"start":{"line":89,"column":4},"end":{"line":95,"column":5}},"29":{"start":{"line":91,"column":6},"end":{"line":91,"column":33}},"30":{"start":{"line":93,"column":6},"end":{"line":93,"column":37}},"31":{"start":{"line":96,"column":4},"end":{"line":96,"column":31}},"32":{"start":{"line":97,"column":4},"end":{"line":97,"column":36}},"33":{"start":{"line":99,"column":4},"end":{"line":99,"column":16}},"34":{"start":{"line":108,"column":18},"end":{"line":108,"column":33}},"35":{"start":{"line":112,"column":4},"end":{"line":123,"column":5}},"36":{"start":{"line":113,"column":6},"end":{"line":113,"column":26}},"37":{"start":{"line":116,"column":6},"end":{"line":116,"column":30}},"38":{"start":{"line":118,"column":6},"end":{"line":120,"column":7}},"39":{"start":{"line":119,"column":8},"end":{"line":119,"column":39}},"40":{"start":{"line":122,"column":6},"end":{"line":122,"column":33}},"41":{"start":{"line":125,"column":4},"end":{"line":125,"column":16}},"42":{"start":{"line":126,"column":4},"end":{"line":126,"column":19}},"43":{"start":{"line":134,"column":15},"end":{"line":134,"column":24}},"44":{"start":{"line":136,"column":4},"end":{"line":140,"column":5}},"45":{"start":{"line":137,"column":6},"end":{"line":137,"column":47}},"46":{"start":{"line":139,"column":6},"end":{"line":139,"column":23}},"47":{"start":{"line":145,"column":22},"end":{"line":145,"column":31}},"48":{"start":{"line":146,"column":4},"end":{"line":146,"column":41}},"49":{"start":{"line":146,"column":14},"end":{"line":146,"column":40}},"50":{"start":{"line":147,"column":4},"end":{"line":147,"column":51}},"51":{"start":{"line":147,"column":26},"end":{"line":147,"column":50}},"52":{"start":{"line":148,"column":4},"end":{"line":148,"column":42}},"53":{"start":{"line":148,"column":22},"end":{"line":148,"column":41}},"54":{"start":{"line":149,"column":4},"end":{"line":156,"column":5}},"55":{"start":{"line":150,"column":6},"end":{"line":153,"column":7}},"56":{"start":{"line":150,"column":18},"end":{"line":150,"column":19}},"57":{"start":{"line":151,"column":8},"end":{"line":151,"column":39}},"58":{"start":{"line":155,"column":6},"end":{"line":155,"column":31}},"59":{"start":{"line":162,"column":11},"end":{"line":162,"column":27}},"60":{"start":{"line":163,"column":0},"end":{"line":163,"column":14}},"61":{"start":{"line":164,"column":0},"end":{"line":164,"column":14}},"62":{"start":{"line":165,"column":0},"end":{"line":165,"column":14}},"63":{"start":{"line":166,"column":0},"end":{"line":166,"column":14}},"64":{"start":{"line":172,"column":0},"end":{"line":172,"column":19}},"65":{"start":{"line":175,"column":0},"end":{"line":175,"column":25}},"66":{"start":{"line":176,"column":0},"end":{"line":176,"column":19}},"67":{"start":{"line":180,"column":0},"end":{"line":180,"column":28}}},"fnMap":{"0":{"name":"(anonymous_0)","decl":{"start":{"line":6,"column":2},"end":{"line":6,"column":3}},"loc":{"start":{"line":6,"column":16},"end":{"line":9,"column":3}},"line":6},"1":{"name":"(anonymous_1)","decl":{"start":{"line":15,"column":2},"end":{"line":15,"column":3}},"loc":{"start":{"line":15,"column":16},"end":{"line":20,"column":3}},"line":15},"2":{"name":"(anonymous_2)","decl":{"start":{"line":22,"column":2},"end":{"line":22,"column":3}},"loc":{"start":{"line":22,"column":18},"end":{"line":38,"column":3}},"line":22},"3":{"name":"(anonymous_3)","decl":{"start":{"line":45,"column":2},"end":{"line":45,"column":3}},"loc":{"start":{"line":45,"column":33},"end":{"line":69,"column":3}},"line":45},"4":{"name":"(anonymous_4)","decl":{"start":{"line":76,"column":2},"end":{"line":76,"column":3}},"loc":{"start":{"line":76,"column":32},"end":{"line":100,"column":3}},"line":76},"5":{"name":"(anonymous_5)","decl":{"start":{"line":106,"column":2},"end":{"line":106,"column":3}},"loc":{"start":{"line":106,"column":16},"end":{"line":127,"column":3}},"line":106},"6":{"name":"(anonymous_6)","decl":{"start":{"line":132,"column":2},"end":{"line":132,"column":3}},"loc":{"start":{"line":132,"column":18},"end":{"line":141,"column":3}},"line":132},"7":{"name":"(anonymous_7)","decl":{"start":{"line":144,"column":2},"end":{"line":144,"column":3}},"loc":{"start":{"line":144,"column":17},"end":{"line":157,"column":3}},"line":144}},"branchMap":{"0":{"loc":{"start":{"line":26,"column":4},"end":{"line":28,"column":5}},"type":"if","locations":[{"start":{"line":26,"column":4},"end":{"line":28,"column":5}},{"start":{"line":26,"column":4},"end":{"line":28,"column":5}}],"line":26},"1":{"loc":{"start":{"line":32,"column":6},"end":{"line":35,"column":7}},"type":"if","locations":[{"start":{"line":32,"column":6},"end":{"line":35,"column":7}},{"start":{"line":32,"column":6},"end":{"line":35,"column":7}}],"line":32},"2":{"loc":{"start":{"line":51,"column":4},"end":{"line":53,"column":5}},"type":"if","locations":[{"start":{"line":51,"column":4},"end":{"line":53,"column":5}},{"start":{"line":51,"column":4},"end":{"line":53,"column":5}}],"line":51},"3":{"loc":{"start":{"line":51,"column":8},"end":{"line":51,"column":45}},"type":"binary-expr","locations":[{"start":{"line":51,"column":8},"end":{"line":51,"column":23}},{"start":{"line":51,"column":27},"end":{"line":51,"column":45}}],"line":51},"4":{"loc":{"start":{"line":82,"column":4},"end":{"line":84,"column":5}},"type":"if","locations":[{"start":{"line":82,"column":4},"end":{"line":84,"column":5}},{"start":{"line":82,"column":4},"end":{"line":84,"column":5}}],"line":82},"5":{"loc":{"start":{"line":82,"column":8},"end":{"line":82,"column":45}},"type":"binary-expr","locations":[{"start":{"line":82,"column":8},"end":{"line":82,"column":23}},{"start":{"line":82,"column":27},"end":{"line":82,"column":45}}],"line":82},"6":{"loc":{"start":{"line":112,"column":4},"end":{"line":123,"column":5}},"type":"if","locations":[{"start":{"line":112,"column":4},"end":{"line":123,"column":5}},{"start":{"line":112,"column":4},"end":{"line":123,"column":5}}],"line":112},"7":{"loc":{"start":{"line":146,"column":4},"end":{"line":146,"column":41}},"type":"if","locations":[{"start":{"line":146,"column":4},"end":{"line":146,"column":41}},{"start":{"line":146,"column":4},"end":{"line":146,"column":41}}],"line":146},"8":{"loc":{"start":{"line":147,"column":4},"end":{"line":147,"column":51}},"type":"if","locations":[{"start":{"line":147,"column":4},"end":{"line":147,"column":51}},{"start":{"line":147,"column":4},"end":{"line":147,"column":51}}],"line":147},"9":{"loc":{"start":{"line":148,"column":4},"end":{"line":148,"column":42}},"type":"if","locations":[{"start":{"line":148,"column":4},"end":{"line":148,"column":42}},{"start":{"line":148,"column":4},"end":{"line":148,"column":42}}],"line":148},"10":{"loc":{"start":{"line":149,"column":4},"end":{"line":156,"column":5}},"type":"if","locations":[{"start":{"line":149,"column":4},"end":{"line":156,"column":5}},{"start":{"line":149,"column":4},"end":{"line":156,"column":5}}],"line":149}},"s":{"0":1,"1":5,"2":5,"3":19,"4":19,"5":1,"6":1,"7":0,"8":1,"9":1,"10":1,"11":1,"12":1,"13":0,"14":1,"15":0,"16":1,"17":1,"18":1,"19":1,"20":1,"21":1,"22":1,"23":1,"24":1,"25":0,"26":1,"27":1,"28":1,"29":1,"30":1,"31":1,"32":1,"33":1,"34":0,"35":0,"36":0,"37":0,"38":0,"39":0,"40":0,"41":0,"42":0,"43":1,"44":1,"45":4,"46":4,"47":6,"48":6,"49":1,"50":5,"51":1,"52":4,"53":1,"54":3,"55":3,"56":3,"57":7,"58":3,"59":1,"60":1,"61":1,"62":1,"63":1,"64":1,"65":1,"66":1,"67":1},"f":{"0":5,"1":19,"2":1,"3":1,"4":1,"5":0,"6":1,"7":6},"b":{"0":[0,1],"1":[1,0],"2":[0,1],"3":[1,1],"4":[0,1],"5":[1,1],"6":[0,0],"7":[1,5],"8":[1,4],"9":[1,3],"10":[3,0]},"_coverageSchema":"1a1c01bbd47fc00a2c39e90264f33305004495a9","hash":"da0958cc0a01250c82ce1ea4b57110299cf74c76"}
,"/home/std4/401Course/data-structures-and-algorithms/lib/node.js": {"path":"/home/std4/401Course/data-structures-and-algorithms/lib/node.js","statementMap":{"0":{"start":{"line":5,"column":4},"end":{"line":5,"column":23}},"1":{"start":{"line":6,"column":4},"end":{"line":6,"column":21}},"2":{"start":{"line":10,"column":0},"end":{"line":10,"column":22}}},"fnMap":{"0":{"name":"(anonymous_0)","decl":{"start":{"line":4,"column":2},"end":{"line":4,"column":3}},"loc":{"start":{"line":4,"column":30},"end":{"line":7,"column":3}},"line":4}},"branchMap":{"0":{"loc":{"start":{"line":4,"column":20},"end":{"line":4,"column":29}},"type":"default-arg","locations":[{"start":{"line":4,"column":25},"end":{"line":4,"column":29}}],"line":4}},"s":{"0":23,"1":23,"2":2},"f":{"0":23},"b":{"0":[4]},"_coverageSchema":"1a1c01bbd47fc00a2c39e90264f33305004495a9","hash":"46f8cd67779590606ba22dfc91041fd6e95eefd3"}
}
