{"/home/std4/401Course/data-structures-and-algorithms/lib/bin-tree.js": {"path":"/home/std4/401Course/data-structures-and-algorithms/lib/bin-tree.js","statementMap":{"0":{"start":{"line":5,"column":8},"end":{"line":5,"column":25}},"1":{"start":{"line":13,"column":19},"end":{"line":13,"column":21}},"2":{"start":{"line":15,"column":20},"end":{"line":19,"column":9}},"3":{"start":{"line":16,"column":12},"end":{"line":16,"column":34}},"4":{"start":{"line":17,"column":12},"end":{"line":17,"column":43}},"5":{"start":{"line":17,"column":26},"end":{"line":17,"column":43}},"6":{"start":{"line":18,"column":12},"end":{"line":18,"column":45}},"7":{"start":{"line":18,"column":27},"end":{"line":18,"column":45}},"8":{"start":{"line":20,"column":8},"end":{"line":20,"column":25}},"9":{"start":{"line":21,"column":8},"end":{"line":21,"column":20}},"10":{"start":{"line":28,"column":19},"end":{"line":28,"column":21}},"11":{"start":{"line":30,"column":20},"end":{"line":34,"column":9}},"12":{"start":{"line":31,"column":12},"end":{"line":31,"column":43}},"13":{"start":{"line":31,"column":26},"end":{"line":31,"column":43}},"14":{"start":{"line":32,"column":12},"end":{"line":32,"column":34}},"15":{"start":{"line":33,"column":12},"end":{"line":33,"column":45}},"16":{"start":{"line":33,"column":27},"end":{"line":33,"column":45}},"17":{"start":{"line":35,"column":8},"end":{"line":35,"column":25}},"18":{"start":{"line":36,"column":8},"end":{"line":36,"column":20}},"19":{"start":{"line":43,"column":19},"end":{"line":43,"column":21}},"20":{"start":{"line":45,"column":20},"end":{"line":49,"column":9}},"21":{"start":{"line":46,"column":12},"end":{"line":46,"column":43}},"22":{"start":{"line":46,"column":26},"end":{"line":46,"column":43}},"23":{"start":{"line":47,"column":12},"end":{"line":47,"column":45}},"24":{"start":{"line":47,"column":27},"end":{"line":47,"column":45}},"25":{"start":{"line":48,"column":12},"end":{"line":48,"column":34}},"26":{"start":{"line":50,"column":8},"end":{"line":50,"column":25}},"27":{"start":{"line":51,"column":8},"end":{"line":51,"column":20}},"28":{"start":{"line":57,"column":0},"end":{"line":57,"column":25}}},"fnMap":{"0":{"name":"(anonymous_0)","decl":{"start":{"line":4,"column":4},"end":{"line":4,"column":5}},"loc":{"start":{"line":4,"column":26},"end":{"line":6,"column":5}},"line":4},"1":{"name":"(anonymous_1)","decl":{"start":{"line":12,"column":4},"end":{"line":12,"column":5}},"loc":{"start":{"line":12,"column":14},"end":{"line":22,"column":5}},"line":12},"2":{"name":"(anonymous_2)","decl":{"start":{"line":15,"column":20},"end":{"line":15,"column":21}},"loc":{"start":{"line":15,"column":29},"end":{"line":19,"column":9}},"line":15},"3":{"name":"(anonymous_3)","decl":{"start":{"line":27,"column":4},"end":{"line":27,"column":5}},"loc":{"start":{"line":27,"column":13},"end":{"line":37,"column":5}},"line":27},"4":{"name":"(anonymous_4)","decl":{"start":{"line":30,"column":20},"end":{"line":30,"column":21}},"loc":{"start":{"line":30,"column":29},"end":{"line":34,"column":9}},"line":30},"5":{"name":"(anonymous_5)","decl":{"start":{"line":42,"column":4},"end":{"line":42,"column":5}},"loc":{"start":{"line":42,"column":15},"end":{"line":52,"column":5}},"line":42},"6":{"name":"(anonymous_6)","decl":{"start":{"line":45,"column":20},"end":{"line":45,"column":21}},"loc":{"start":{"line":45,"column":29},"end":{"line":49,"column":9}},"line":45}},"branchMap":{"0":{"loc":{"start":{"line":4,"column":16},"end":{"line":4,"column":25}},"type":"default-arg","locations":[{"start":{"line":4,"column":21},"end":{"line":4,"column":25}}],"line":4},"1":{"loc":{"start":{"line":17,"column":12},"end":{"line":17,"column":43}},"type":"if","locations":[{"start":{"line":17,"column":12},"end":{"line":17,"column":43}},{"start":{"line":17,"column":12},"end":{"line":17,"column":43}}],"line":17},"2":{"loc":{"start":{"line":18,"column":12},"end":{"line":18,"column":45}},"type":"if","locations":[{"start":{"line":18,"column":12},"end":{"line":18,"column":45}},{"start":{"line":18,"column":12},"end":{"line":18,"column":45}}],"line":18},"3":{"loc":{"start":{"line":31,"column":12},"end":{"line":31,"column":43}},"type":"if","locations":[{"start":{"line":31,"column":12},"end":{"line":31,"column":43}},{"start":{"line":31,"column":12},"end":{"line":31,"column":43}}],"line":31},"4":{"loc":{"start":{"line":33,"column":12},"end":{"line":33,"column":45}},"type":"if","locations":[{"start":{"line":33,"column":12},"end":{"line":33,"column":45}},{"start":{"line":33,"column":12},"end":{"line":33,"column":45}}],"line":33},"5":{"loc":{"start":{"line":46,"column":12},"end":{"line":46,"column":43}},"type":"if","locations":[{"start":{"line":46,"column":12},"end":{"line":46,"column":43}},{"start":{"line":46,"column":12},"end":{"line":46,"column":43}}],"line":46},"6":{"loc":{"start":{"line":47,"column":12},"end":{"line":47,"column":45}},"type":"if","locations":[{"start":{"line":47,"column":12},"end":{"line":47,"column":45}},{"start":{"line":47,"column":12},"end":{"line":47,"column":45}}],"line":47}},"s":{"0":1,"1":2,"2":2,"3":8,"4":8,"5":4,"6":8,"7":2,"8":2,"9":2,"10":2,"11":2,"12":8,"13":4,"14":8,"15":8,"16":2,"17":2,"18":2,"19":2,"20":2,"21":8,"22":4,"23":8,"24":2,"25":8,"26":2,"27":2,"28":1},"f":{"0":1,"1":2,"2":8,"3":2,"4":8,"5":2,"6":8},"b":{"0":[0],"1":[4,4],"2":[2,6],"3":[4,4],"4":[2,6],"5":[4,4],"6":[2,6]},"_coverageSchema":"1a1c01bbd47fc00a2c39e90264f33305004495a9","hash":"9eee26af04226c583e7f5966ae784c89c28acd0b"}
,"/home/std4/401Course/data-structures-and-algorithms/lib/tree.js": {"path":"/home/std4/401Course/data-structures-and-algorithms/lib/tree.js","statementMap":{"0":{"start":{"line":5,"column":8},"end":{"line":5,"column":25}},"1":{"start":{"line":6,"column":8},"end":{"line":6,"column":25}},"2":{"start":{"line":7,"column":8},"end":{"line":7,"column":27}},"3":{"start":{"line":15,"column":0},"end":{"line":15,"column":22}}},"fnMap":{"0":{"name":"(anonymous_0)","decl":{"start":{"line":4,"column":4},"end":{"line":4,"column":5}},"loc":{"start":{"line":4,"column":47},"end":{"line":8,"column":5}},"line":4}},"branchMap":{"0":{"loc":{"start":{"line":4,"column":21},"end":{"line":4,"column":32}},"type":"default-arg","locations":[{"start":{"line":4,"column":28},"end":{"line":4,"column":32}}],"line":4},"1":{"loc":{"start":{"line":4,"column":34},"end":{"line":4,"column":46}},"type":"default-arg","locations":[{"start":{"line":4,"column":42},"end":{"line":4,"column":46}}],"line":4}},"s":{"0":4,"1":4,"2":4,"3":1},"f":{"0":4},"b":{"0":[4],"1":[4]},"_coverageSchema":"1a1c01bbd47fc00a2c39e90264f33305004495a9","hash":"c8b1217e816c2e9a0a99fce185a20ac5213e7dec"}
}
