TN:
SF:lib/bin-tree.js
FN:4,(anonymous_0)
FN:12,(anonymous_1)
FN:15,(anonymous_2)
FN:27,(anonymous_3)
FN:30,(anonymous_4)
FN:42,(anonymous_5)
FN:45,(anonymous_6)
FNF:7
FNH:7
FNDA:1,(anonymous_0)
FNDA:2,(anonymous_1)
FNDA:8,(anonymous_2)
FNDA:2,(anonymous_3)
FNDA:8,(anonymous_4)
FNDA:2,(anonymous_5)
FNDA:8,(anonymous_6)
DA:5,1
DA:13,2
DA:15,2
DA:16,8
DA:17,8
DA:18,8
DA:20,2
DA:21,2
DA:28,2
DA:30,2
DA:31,8
DA:32,8
DA:33,8
DA:35,2
DA:36,2
DA:43,2
DA:45,2
DA:46,8
DA:47,8
DA:48,8
DA:50,2
DA:51,2
DA:57,1
LF:23
LH:23
BRDA:4,0,0,0
BRDA:17,1,0,4
BRDA:17,1,1,4
BRDA:18,2,0,2
BRDA:18,2,1,6
BRDA:31,3,0,4
BRDA:31,3,1,4
BRDA:33,4,0,2
BRDA:33,4,1,6
BRDA:46,5,0,4
BRDA:46,5,1,4
BRDA:47,6,0,2
BRDA:47,6,1,6
BRF:13
BRH:12
end_of_record
TN:
SF:lib/tree.js
FN:4,(anonymous_0)
FNF:1
FNH:1
FNDA:4,(anonymous_0)
DA:5,4
DA:6,4
DA:7,4
DA:15,1
LF:4
LH:4
BRDA:4,0,0,4
BRDA:4,1,0,4
BRF:2
BRH:2
end_of_record
