TN:
SF:lib/linkedList.js
FN:6,(anonymous_0)
FN:15,(anonymous_1)
FN:22,(anonymous_2)
FN:45,(anonymous_3)
FN:76,(anonymous_4)
FN:106,(anonymous_5)
FN:132,(anonymous_6)
FN:144,(anonymous_7)
FNF:8
FNH:7
FNDA:5,(anonymous_0)
FNDA:19,(anonymous_1)
FNDA:1,(anonymous_2)
FNDA:1,(anonymous_3)
FNDA:1,(anonymous_4)
FNDA:0,(anonymous_5)
FNDA:1,(anonymous_6)
FNDA:6,(anonymous_7)
DA:3,1
DA:7,5
DA:8,5
DA:17,19
DA:19,19
DA:24,1
DA:26,1
DA:27,0
DA:30,1
DA:31,1
DA:32,1
DA:33,1
DA:34,1
DA:36,0
DA:51,1
DA:52,0
DA:55,1
DA:57,1
DA:58,1
DA:60,1
DA:62,1
DA:65,1
DA:66,1
DA:68,1
DA:82,1
DA:83,0
DA:86,1
DA:88,1
DA:89,1
DA:91,1
DA:93,1
DA:96,1
DA:97,1
DA:99,1
DA:108,0
DA:112,0
DA:113,0
DA:116,0
DA:118,0
DA:119,0
DA:122,0
DA:125,0
DA:126,0
DA:134,1
DA:136,1
DA:137,4
DA:139,4
DA:145,6
DA:146,6
DA:147,5
DA:148,4
DA:149,3
DA:150,3
DA:151,7
DA:155,3
DA:162,1
DA:163,1
DA:164,1
DA:165,1
DA:166,1
DA:172,1
DA:175,1
DA:176,1
DA:180,1
LF:64
LH:51
BRDA:26,0,0,0
BRDA:26,0,1,1
BRDA:32,1,0,1
BRDA:32,1,1,0
BRDA:51,2,0,0
BRDA:51,2,1,1
BRDA:51,3,0,1
BRDA:51,3,1,1
BRDA:82,4,0,0
BRDA:82,4,1,1
BRDA:82,5,0,1
BRDA:82,5,1,1
BRDA:112,6,0,0
BRDA:112,6,1,0
BRDA:146,7,0,1
BRDA:146,7,1,5
BRDA:147,8,0,1
BRDA:147,8,1,4
BRDA:148,9,0,1
BRDA:148,9,1,3
BRDA:149,10,0,3
BRDA:149,10,1,0
BRF:22
BRH:15
end_of_record
TN:
SF:lib/node.js
FN:4,(anonymous_0)
FNF:1
FNH:1
FNDA:23,(anonymous_0)
DA:5,23
DA:6,23
DA:10,2
LF:3
LH:3
BRDA:4,0,0,4
BRF:1
BRH:1
end_of_record
